
ROM used:   110/16384 (0%)
            110/16384 (0%) including unused fragments

            0.2 Average locations per line
            13.8 Average locations per statement

RAM used:   5/1536 (0%) at main() level
            6/1536 (0%) worst case

Stack used: 0 worst case (0 in main + 0 for interrupts)
Stack size: 31

Lines Stmts  %   Files
----- ----- ---  -----
   16     8 100  led_yak2.c
   12     0   0  led_yak2.h
  701     0   0  ..\..\..\..\..\Program Files (x86)\PICC\Devices\18F452.h
----- -----
  729     8 Total

Page ROM  %  RAM   Vol Diff  Functions:
---- --- --- ---   --- ----  ----------
0     40  18    1             @delay_ms1
0     66  30    1   127  1.7  main
 Inline         0             @cinit1

Program metrics:
    Functions               1
    Statements              8
    Comments                118
    Volume (V)              132
    Difficulty (D)          1.5
    Effort to implement (E) 202
    Time to implement (T)   0 minutes
    Est Delivered Bugs (B)  0
    Cyclomatic Complexity   1
    Maintainability (MI)    67

 Segment     Used  Free
-----------  ----  ----
00000-00002     4  0  
00004-07FFE   106  32658  



